<?xml version="1.0" encoding="UTF-8"?>
<!-- Generated by org.testng.reporters.JUnitReportReporter -->
<testsuite hostname="ADMINIB-PEGKDLU" name="test.java.TestCase" tests="1" failures="0" timestamp="28 Feb 2017 06:12:22 GMT" time="9.979" errors="0">
  <testcase name="test" time="9.979" classname="test.java.TestCase"/>
</testsuite> <!-- test.java.TestCase -->
